[2018-12-01 22:15:13,616][Thread-7:140641245849344][task_id:django.request][log.py:228][WARNING][Not Found: /favicon.ico]
[2018-12-01 22:20:19,359][Thread-1:139861678683904][task_id:django.request][log.py:228][WARNING][Not Found: /]
[2018-12-02 11:37:45,971][Thread-1:140556344723200][task_id:django.request][log.py:228][WARNING][Not Found: /]
[2018-12-02 11:37:47,216][Thread-3:140556344723200][task_id:django.request][log.py:228][WARNING][Not Found: /favicon.ico]
[2018-12-02 12:15:27,895][Thread-1:140352753235712][task_id:django.request][log.py:228][WARNING][Not Found: /blog/index]
[2018-12-02 12:15:41,533][Thread-3:140352753235712][task_id:django.request][log.py:228][WARNING][Not Found: /blog/home]
[2018-12-02 12:44:40,366][Thread-5:139649977382656][task_id:django.request][log.py:228][WARNING][Not Found: /blog/index/...]
[2018-12-02 12:44:43,489][Thread-7:139649977382656][task_id:django.request][log.py:228][WARNING][Not Found: /blog/index/...]
[2018-12-02 12:45:16,180][Thread-9:139649977382656][task_id:django.request][log.py:228][WARNING][Not Found: /blog/index/...]
[2018-12-02 12:46:42,536][Thread-11:139649977382656][task_id:django.request][log.py:228][WARNING][Not Found: /blog/index/...]
[2018-12-02 12:46:43,673][Thread-13:139649977382656][task_id:django.request][log.py:228][WARNING][Not Found: /blog/index/...]
[2018-12-02 12:48:19,703][Thread-17:139649977382656][task_id:django.request][log.py:228][WARNING][Not Found: /media/avatars/default.png]
[2018-12-02 12:48:51,822][Thread-21:139649966270208][task_id:django.request][log.py:228][WARNING][Not Found: /media/avatars/default.png]
[2018-12-02 12:49:14,092][Thread-23:139649977382656][task_id:django.request][log.py:228][WARNING][Not Found: /media/avatars/default.png]
[2018-12-02 12:50:14,250][Thread-26:139649977382656][task_id:django.request][log.py:228][WARNING][Not Found: /media/avatars/default.png]
[2018-12-02 12:50:15,640][Thread-29:139649977382656][task_id:django.request][log.py:228][WARNING][Not Found: /media/avatars/default.png]
[2018-12-02 12:50:17,042][Thread-32:139649977382656][task_id:django.request][log.py:228][WARNING][Not Found: /media/avatars/default.png]
[2018-12-02 12:50:55,965][Thread-35:139649977382656][task_id:django.request][log.py:228][WARNING][Not Found: /media/avatars/default.png]
[2018-12-02 12:50:56,304][Thread-38:139649977382656][task_id:django.request][log.py:228][WARNING][Not Found: /media/avatars/default.png]
[2018-12-02 12:50:56,595][Thread-41:139649977382656][task_id:django.request][log.py:228][WARNING][Not Found: /media/avatars/default.png]
[2018-12-02 12:50:56,843][Thread-44:139649977382656][task_id:django.request][log.py:228][WARNING][Not Found: /media/avatars/default.png]
[2018-12-02 12:50:57,162][Thread-47:139649977382656][task_id:django.request][log.py:228][WARNING][Not Found: /media/avatars/default.png]
[2018-12-02 12:50:57,447][Thread-50:139649977382656][task_id:django.request][log.py:228][WARNING][Not Found: /media/avatars/default.png]
[2018-12-02 12:50:57,761][Thread-53:139649977382656][task_id:django.request][log.py:228][WARNING][Not Found: /media/avatars/default.png]
[2018-12-02 12:51:18,671][Thread-3:140674830153472][task_id:django.request][log.py:228][WARNING][Not Found: /media/avatars/default.png]
[2018-12-02 12:51:53,776][Thread-5:140674830153472][task_id:django.request][log.py:228][WARNING][Not Found: /media/avatars/default.png]
[2018-12-02 12:53:07,965][Thread-7:140674830153472][task_id:django.request][log.py:228][WARNING][Not Found: /media/avatars/default.png]
[2018-12-02 12:53:16,380][Thread-9:140674830153472][task_id:django.request][log.py:228][WARNING][Not Found: /media/avatars/default.png]
[2018-12-02 12:53:38,135][Thread-11:140674830153472][task_id:django.request][log.py:228][WARNING][Not Found: /media/avatars/default.png]
[2018-12-02 12:54:34,407][Thread-13:140674830153472][task_id:django.request][log.py:228][WARNING][Not Found: /media/avatars/default.png]
[2018-12-02 12:55:41,970][Thread-15:140674830153472][task_id:django.request][log.py:228][WARNING][Not Found: /media/avatars/default.png]
[2018-12-02 12:56:40,369][Thread-17:140674830153472][task_id:django.request][log.py:228][WARNING][Not Found: /media/avatars/default.png]
[2018-12-02 12:56:44,118][Thread-19:140674830153472][task_id:django.request][log.py:228][WARNING][Not Found: /media/avatars/default.png]
[2018-12-02 12:57:15,872][Thread-21:140674830153472][task_id:django.request][log.py:228][WARNING][Not Found: /media/avatars/default.png]
[2018-12-02 12:57:17,204][Thread-23:140674830153472][task_id:django.request][log.py:228][WARNING][Not Found: /media/avatars/default.png]
[2018-12-02 12:58:53,873][Thread-35:140674830153472][task_id:django.request][log.py:228][WARNING][Not Found: /media/avatars/default.png]
[2018-12-02 12:58:56,754][Thread-37:140674830153472][task_id:django.request][log.py:228][WARNING][Not Found: /media/avatars/default.png]
[2018-12-02 13:01:15,605][Thread-39:140674830153472][task_id:django.request][log.py:228][WARNING][Not Found: /media/avatars/tt.png]
[2018-12-02 13:01:17,938][Thread-41:140674830153472][task_id:django.request][log.py:228][WARNING][Not Found: /media/avatars/tt.png]
[2018-12-02 13:01:39,560][Thread-42:140674830153472][task_id:django.request][log.py:228][WARNING][Not Found: /media/avatars/tt.png]
[2018-12-02 13:02:41,932][Thread-43:140674830153472][task_id:django.request][log.py:228][WARNING][Not Found: /media/avatars/tt.png]
[2018-12-02 13:04:11,255][Thread-45:140674830153472][task_id:django.request][log.py:228][WARNING][Not Found: /media/avatars/tt.png]
[2018-12-02 13:04:35,751][Thread-47:140674830153472][task_id:django.request][log.py:228][WARNING][Not Found: /media/avatars/tt.png]
[2018-12-02 13:04:41,345][Thread-49:140674830153472][task_id:django.request][log.py:228][WARNING][Not Found: /media/avatars/tt.png]
[2018-12-02 13:05:22,959][Thread-51:140674830153472][task_id:django.request][log.py:228][WARNING][Not Found: /media/avatars/tt.png]
[2018-12-02 13:05:25,347][Thread-53:140674830153472][task_id:django.request][log.py:228][WARNING][Not Found: /media/avatars/tt.png]
[2018-12-02 13:06:22,378][Thread-3:140572400547584][task_id:django.request][log.py:228][WARNING][Not Found: /media/avatars/cr_vbqmaeL.png]
[2018-12-02 13:13:38,729][Thread-3:140426737948416][task_id:django.request][log.py:228][WARNING][Not Found: /media/avatars/cr_vbqmaeL.png]
[2018-12-02 13:13:40,472][Thread-5:140426737948416][task_id:django.request][log.py:228][WARNING][Not Found: /media/avatars/cr_vbqmaeL.png]
[2018-12-02 13:14:24,581][Thread-6:140426737948416][task_id:django.request][log.py:228][WARNING][Not Found: /media/cr_vbqmaeL.png]
[2018-12-02 13:14:27,858][Thread-7:140426737948416][task_id:django.request][log.py:228][WARNING][Not Found: /media/cr_vbqmaeL.png/]
[2018-12-02 13:15:41,492][Thread-1:139902452758272][task_id:django.request][log.py:228][WARNING][Not Found: /media/cr_vbqmaeL.png/]
[2018-12-02 13:15:42,601][Thread-3:139902452758272][task_id:django.request][log.py:228][WARNING][Not Found: /media/cr_vbqmaeL.png/]
[2018-12-02 13:15:43,648][Thread-4:139902452758272][task_id:django.request][log.py:228][WARNING][Not Found: /media/cr_vbqmaeL.png/]
[2018-12-02 13:16:43,128][Thread-5:139902452758272][task_id:django.request][log.py:228][WARNING][Not Found: /media/avatars/cr_vbqmaeL.png]
[2018-12-02 13:16:46,998][Thread-6:139902452758272][task_id:django.request][log.py:228][WARNING][Not Found: /media/avatars/cr_vbqmaeL.png/]
[2018-12-02 13:16:48,065][Thread-7:139902452758272][task_id:django.request][log.py:228][WARNING][Not Found: /media/avatars/cr_vbqmaeL.png/]
[2018-12-02 13:17:04,235][Thread-1:140470994089728][task_id:django.request][log.py:228][WARNING][Not Found: /media/avatars/cr_vbqmaeL.png/]
[2018-12-02 13:17:06,567][Thread-3:140470994089728][task_id:django.request][log.py:228][WARNING][Not Found: /media/avatars/cr_vbqmaeL.png]
[2018-12-02 14:39:55,739][Thread-4:140056021030656][task_id:django.request][log.py:228][WARNING][Not Found: /blog/home]
